<?xml version="1.0" encoding="UTF-8"?>
<coverage generated="1636237733141" clover="3.2.0">
  <project timestamp="1636237733141" name="All files">
    <metrics statements="26" coveredstatements="19" conditionals="12" coveredconditionals="11" methods="14" coveredmethods="10" elements="52" coveredelements="40" complexity="0" loc="26" ncloc="26" packages="7" files="11" classes="11"/>
    <package name="src">
      <metrics statements="2" coveredstatements="0" conditionals="0" coveredconditionals="0" methods="1" coveredmethods="0"/>
      <file name="App.tsx" path="/home/wellington/challenges/iclinic/src/App.tsx">
        <metrics statements="1" coveredstatements="0" conditionals="0" coveredconditionals="0" methods="1" coveredmethods="0"/>
        <line num="10" count="0" type="stmt"/>
      </file>
      <file name="main.tsx" path="/home/wellington/challenges/iclinic/src/main.tsx">
        <metrics statements="1" coveredstatements="0" conditionals="0" coveredconditionals="0" methods="0" coveredmethods="0"/>
        <line num="5" count="0" type="stmt"/>
      </file>
      <file name="vite-env.d.ts" path="/home/wellington/challenges/iclinic/src/vite-env.d.ts">
        <metrics statements="0" coveredstatements="0" conditionals="0" coveredconditionals="0" methods="0" coveredmethods="0"/>
      </file>
    </package>
    <package name="src.components.Button">
      <metrics statements="10" coveredstatements="10" conditionals="9" coveredconditionals="9" methods="6" coveredmethods="6"/>
      <file name="index.tsx" path="/home/wellington/challenges/iclinic/src/components/Button/index.tsx">
        <metrics statements="2" coveredstatements="2" conditionals="5" coveredconditionals="5" methods="1" coveredmethods="1"/>
        <line num="21" count="1" type="stmt"/>
        <line num="28" count="6" type="stmt"/>
      </file>
      <file name="styles.ts" path="/home/wellington/challenges/iclinic/src/components/Button/styles.ts">
        <metrics statements="8" coveredstatements="8" conditionals="4" coveredconditionals="4" methods="5" coveredmethods="5"/>
        <line num="9" count="1" type="stmt"/>
        <line num="10" count="4" type="stmt"/>
        <line num="18" count="1" type="stmt"/>
        <line num="26" count="1" type="stmt"/>
        <line num="36" count="1" type="stmt"/>
        <line num="37" count="6" type="stmt"/>
        <line num="64" count="1" type="stmt"/>
        <line num="65" count="6" type="stmt"/>
      </file>
    </package>
    <package name="src.components.Spinner">
      <metrics statements="8" coveredstatements="7" conditionals="3" coveredconditionals="2" methods="4" coveredmethods="3"/>
      <file name="index.tsx" path="/home/wellington/challenges/iclinic/src/components/Spinner/index.tsx">
        <metrics statements="2" coveredstatements="2" conditionals="1" coveredconditionals="0" methods="1" coveredmethods="1"/>
        <line num="7" count="2" type="cond" truecount="0" falsecount="1"/>
        <line num="8" count="1" type="stmt"/>
      </file>
      <file name="styles.ts" path="/home/wellington/challenges/iclinic/src/components/Spinner/styles.ts">
        <metrics statements="6" coveredstatements="5" conditionals="2" coveredconditionals="2" methods="3" coveredmethods="2"/>
        <line num="5" count="2" type="stmt"/>
        <line num="14" count="2" type="stmt"/>
        <line num="15" count="1" type="stmt"/>
        <line num="21" count="0" type="stmt"/>
        <line num="29" count="2" type="stmt"/>
        <line num="30" count="1" type="stmt"/>
      </file>
    </package>
    <package name="src.pages.Home">
      <metrics statements="2" coveredstatements="0" conditionals="0" coveredconditionals="0" methods="1" coveredmethods="0"/>
      <file name="index.tsx" path="/home/wellington/challenges/iclinic/src/pages/Home/index.tsx">
        <metrics statements="2" coveredstatements="0" conditionals="0" coveredconditionals="0" methods="1" coveredmethods="0"/>
        <line num="3" count="0" type="stmt"/>
        <line num="4" count="0" type="stmt"/>
      </file>
    </package>
    <package name="src.routes">
      <metrics statements="2" coveredstatements="0" conditionals="0" coveredconditionals="0" methods="1" coveredmethods="0"/>
      <file name="index.tsx" path="/home/wellington/challenges/iclinic/src/routes/index.tsx">
        <metrics statements="2" coveredstatements="0" conditionals="0" coveredconditionals="0" methods="1" coveredmethods="0"/>
        <line num="9" count="0" type="stmt"/>
        <line num="10" count="0" type="stmt"/>
      </file>
    </package>
    <package name="src.types">
      <metrics statements="0" coveredstatements="0" conditionals="0" coveredconditionals="0" methods="0" coveredmethods="0"/>
      <file name="styled-components.d.ts" path="/home/wellington/challenges/iclinic/src/types/styled-components.d.ts">
        <metrics statements="0" coveredstatements="0" conditionals="0" coveredconditionals="0" methods="0" coveredmethods="0"/>
      </file>
    </package>
    <package name="src.utils.tests">
      <metrics statements="2" coveredstatements="2" conditionals="0" coveredconditionals="0" methods="1" coveredmethods="1"/>
      <file name="helpers.tsx" path="/home/wellington/challenges/iclinic/src/utils/tests/helpers.tsx">
        <metrics statements="2" coveredstatements="2" conditionals="0" coveredconditionals="0" methods="1" coveredmethods="1"/>
        <line num="7" count="2" type="stmt"/>
        <line num="8" count="6" type="stmt"/>
      </file>
    </package>
  </project>
</coverage>
