<?xml version="1.0" encoding="UTF-8"?>
<coverage generated="1636419624079" clover="3.2.0">
  <project timestamp="1636419624079" name="All files">
    <metrics statements="20" coveredstatements="19" conditionals="4" coveredconditionals="2" methods="3" coveredmethods="3" elements="27" coveredelements="24" complexity="0" loc="20" ncloc="20" packages="1" files="1" classes="1"/>
    <file name="index.tsx" path="/home/wellington/challenges/iclinic/src/context/side/index.tsx">
      <metrics statements="20" coveredstatements="19" conditionals="4" coveredconditionals="2" methods="3" coveredmethods="3"/>
      <line num="13" count="1" type="stmt"/>
      <line num="15" count="1" type="stmt"/>
      <line num="16" count="9" type="stmt"/>
      <line num="17" count="9" type="stmt"/>
      <line num="19" count="9" type="stmt"/>
      <line num="21" count="9" type="stmt"/>
      <line num="22" count="3" type="cond" truecount="1" falsecount="1"/>
      <line num="24" count="3" type="stmt"/>
      <line num="25" count="3" type="stmt"/>
      <line num="26" count="3" type="stmt"/>
      <line num="31" count="2" type="stmt"/>
      <line num="33" count="2" type="stmt"/>
      <line num="35" count="2" type="stmt"/>
      <line num="37" count="1" type="stmt"/>
      <line num="39" count="3" type="stmt"/>
      <line num="43" count="9" type="stmt"/>
      <line num="51" count="9" type="stmt"/>
      <line num="53" count="9" type="cond" truecount="1" falsecount="1"/>
      <line num="54" count="0" type="stmt"/>
      <line num="57" count="9" type="stmt"/>
    </file>
  </project>
</coverage>
