{"/home/wellington/challenges/iclinic/src/pages/SelectedSide/index.tsx": {"path":"/home/wellington/challenges/iclinic/src/pages/SelectedSide/index.tsx","statementMap":{"0":{"start":{"line":14,"column":28},"end":{"line":41,"column":1}},"1":{"start":{"line":15,"column":23},"end":{"line":15,"column":36}},"2":{"start":{"line":16,"column":35},"end":{"line":16,"column":44}},"3":{"start":{"line":17,"column":22},"end":{"line":17,"column":65}},"4":{"start":{"line":19,"column":2},"end":{"line":40,"column":3}}},"fnMap":{"0":{"name":"(anonymous_0)","decl":{"start":{"line":14,"column":28},"end":{"line":14,"column":29}},"loc":{"start":{"line":14,"column":34},"end":{"line":41,"column":1}},"line":14}},"branchMap":{"0":{"loc":{"start":{"line":21,"column":33},"end":{"line":21,"column":63}},"type":"cond-expr","locations":[{"start":{"line":21,"column":47},"end":{"line":21,"column":54}},{"start":{"line":21,"column":57},"end":{"line":21,"column":63}}],"line":21},"1":{"loc":{"start":{"line":23,"column":21},"end":{"line":23,"column":67}},"type":"cond-expr","locations":[{"start":{"line":23,"column":35},"end":{"line":23,"column":48}},{"start":{"line":23,"column":51},"end":{"line":23,"column":67}}],"line":23},"2":{"loc":{"start":{"line":27,"column":12},"end":{"line":27,"column":58}},"type":"cond-expr","locations":[{"start":{"line":27,"column":26},"end":{"line":27,"column":39}},{"start":{"line":27,"column":42},"end":{"line":27,"column":58}}],"line":27},"3":{"loc":{"start":{"line":34,"column":19},"end":{"line":34,"column":49}},"type":"cond-expr","locations":[{"start":{"line":34,"column":33},"end":{"line":34,"column":40}},{"start":{"line":34,"column":43},"end":{"line":34,"column":49}}],"line":34}},"s":{"0":1,"1":4,"2":4,"3":4,"4":4},"f":{"0":4},"b":{"0":[3,1],"1":[3,1],"2":[3,1],"3":[3,1]},"_coverageSchema":"1a1c01bbd47fc00a2c39e90264f33305004495a9","hash":"858e41b297172b3b9efb1c2ac20de3c3e5b86845"}
,"/home/wellington/challenges/iclinic/src/utils/tests/helpers.tsx": {"path":"/home/wellington/challenges/iclinic/src/utils/tests/helpers.tsx","statementMap":{"0":{"start":{"line":6,"column":31},"end":{"line":7,"column":65}},"1":{"start":{"line":7,"column":2},"end":{"line":7,"column":65}}},"fnMap":{"0":{"name":"(anonymous_0)","decl":{"start":{"line":6,"column":31},"end":{"line":6,"column":32}},"loc":{"start":{"line":7,"column":2},"end":{"line":7,"column":65}},"line":7}},"branchMap":{},"s":{"0":1,"1":4},"f":{"0":4},"b":{},"_coverageSchema":"1a1c01bbd47fc00a2c39e90264f33305004495a9","hash":"0d50363233007cf8c823dbcdc893ba331e08fca8"}
}
