{"/home/wellington/challenges/iclinic/src/components/Avatar/index.tsx": {"path":"/home/wellington/challenges/iclinic/src/components/Avatar/index.tsx","statementMap":{"0":{"start":{"line":6,"column":22},"end":{"line":6,"column":75}},"1":{"start":{"line":6,"column":52},"end":{"line":6,"column":75}}},"fnMap":{"0":{"name":"(anonymous_0)","decl":{"start":{"line":6,"column":22},"end":{"line":6,"column":23}},"loc":{"start":{"line":6,"column":52},"end":{"line":6,"column":75}},"line":6}},"branchMap":{},"s":{"0":1,"1":1},"f":{"0":1},"b":{},"_coverageSchema":"1a1c01bbd47fc00a2c39e90264f33305004495a9","hash":"45c1eb1036a66fe24505059960b10a5ba8ce6901"}
,"/home/wellington/challenges/iclinic/src/components/Avatar/styles.ts": {"path":"/home/wellington/challenges/iclinic/src/components/Avatar/styles.ts","statementMap":{"0":{"start":{"line":3,"column":23},"end":{"line":15,"column":1}}},"fnMap":{},"branchMap":{},"s":{"0":1},"f":{},"b":{},"_coverageSchema":"1a1c01bbd47fc00a2c39e90264f33305004495a9","hash":"8d0b5de1cb65dc7f474977c14d760abbb818fa95"}
,"/home/wellington/challenges/iclinic/src/components/Button/index.tsx": {"path":"/home/wellington/challenges/iclinic/src/components/Button/index.tsx","statementMap":{"0":{"start":{"line":16,"column":22},"end":{"line":28,"column":1}},"1":{"start":{"line":23,"column":2},"end":{"line":27,"column":14}}},"fnMap":{"0":{"name":"(anonymous_0)","decl":{"start":{"line":16,"column":22},"end":{"line":16,"column":23}},"loc":{"start":{"line":23,"column":2},"end":{"line":27,"column":14}},"line":23}},"branchMap":{"0":{"loc":{"start":{"line":18,"column":2},"end":{"line":18,"column":21}},"type":"default-arg","locations":[{"start":{"line":18,"column":12},"end":{"line":18,"column":21}}],"line":18},"1":{"loc":{"start":{"line":19,"column":2},"end":{"line":19,"column":28}},"type":"default-arg","locations":[{"start":{"line":19,"column":19},"end":{"line":19,"column":28}}],"line":19},"2":{"loc":{"start":{"line":20,"column":2},"end":{"line":20,"column":17}},"type":"default-arg","locations":[{"start":{"line":20,"column":12},"end":{"line":20,"column":17}}],"line":20},"3":{"loc":{"start":{"line":24,"column":5},"end":{"line":24,"column":73}},"type":"binary-expr","locations":[{"start":{"line":24,"column":5},"end":{"line":24,"column":12}},{"start":{"line":24,"column":16},"end":{"line":24,"column":73}}],"line":24}},"s":{"0":1,"1":6},"f":{"0":6},"b":{"0":[4],"1":[6],"2":[5],"3":[6,1]},"_coverageSchema":"1a1c01bbd47fc00a2c39e90264f33305004495a9","hash":"6b9e8d5afbe936e8622e0e999ff3ad3b386fd92d"}
,"/home/wellington/challenges/iclinic/src/components/Button/styles.ts": {"path":"/home/wellington/challenges/iclinic/src/components/Button/styles.ts","statementMap":{"0":{"start":{"line":9,"column":25},"end":{"line":34,"column":1}},"1":{"start":{"line":10,"column":36},"end":{"line":17,"column":3}},"2":{"start":{"line":18,"column":33},"end":{"line":25,"column":3}},"3":{"start":{"line":26,"column":34},"end":{"line":33,"column":3}},"4":{"start":{"line":36,"column":23},"end":{"line":63,"column":1}},"5":{"start":{"line":37,"column":28},"end":{"line":62,"column":3}},"6":{"start":{"line":68,"column":23},"end":{"line":72,"column":1}},"7":{"start":{"line":69,"column":23},"end":{"line":71,"column":3}}},"fnMap":{"0":{"name":"(anonymous_0)","decl":{"start":{"line":10,"column":11},"end":{"line":10,"column":12}},"loc":{"start":{"line":10,"column":36},"end":{"line":17,"column":3}},"line":10},"1":{"name":"(anonymous_1)","decl":{"start":{"line":18,"column":8},"end":{"line":18,"column":9}},"loc":{"start":{"line":18,"column":33},"end":{"line":25,"column":3}},"line":18},"2":{"name":"(anonymous_2)","decl":{"start":{"line":26,"column":9},"end":{"line":26,"column":10}},"loc":{"start":{"line":26,"column":34},"end":{"line":33,"column":3}},"line":26},"3":{"name":"(anonymous_3)","decl":{"start":{"line":37,"column":4},"end":{"line":37,"column":5}},"loc":{"start":{"line":37,"column":28},"end":{"line":62,"column":3}},"line":37},"4":{"name":"(anonymous_4)","decl":{"start":{"line":69,"column":4},"end":{"line":69,"column":5}},"loc":{"start":{"line":69,"column":23},"end":{"line":71,"column":3}},"line":69}},"branchMap":{"0":{"loc":{"start":{"line":57,"column":6},"end":{"line":57,"column":51}},"type":"binary-expr","locations":[{"start":{"line":57,"column":6},"end":{"line":57,"column":15}},{"start":{"line":57,"column":19},"end":{"line":57,"column":51}}],"line":57},"1":{"loc":{"start":{"line":70,"column":18},"end":{"line":70,"column":50}},"type":"cond-expr","locations":[{"start":{"line":70,"column":30},"end":{"line":70,"column":38}},{"start":{"line":70,"column":41},"end":{"line":70,"column":50}}],"line":70}},"s":{"0":1,"1":4,"2":1,"3":1,"4":1,"5":6,"6":1,"7":6},"f":{"0":4,"1":1,"2":1,"3":6,"4":6},"b":{"0":[6,6],"1":[1,5]},"_coverageSchema":"1a1c01bbd47fc00a2c39e90264f33305004495a9","hash":"9990589a640986056ce3c84d8f804ab2cfd84cd6"}
,"/home/wellington/challenges/iclinic/src/components/Header/index.tsx": {"path":"/home/wellington/challenges/iclinic/src/components/Header/index.tsx","statementMap":{"0":{"start":{"line":11,"column":22},"end":{"line":19,"column":1}},"1":{"start":{"line":12,"column":19},"end":{"line":12,"column":32}},"2":{"start":{"line":14,"column":2},"end":{"line":18,"column":3}},"3":{"start":{"line":16,"column":61},"end":{"line":16,"column":73}}},"fnMap":{"0":{"name":"(anonymous_0)","decl":{"start":{"line":11,"column":22},"end":{"line":11,"column":23}},"loc":{"start":{"line":11,"column":71},"end":{"line":19,"column":1}},"line":11},"1":{"name":"(anonymous_1)","decl":{"start":{"line":16,"column":55},"end":{"line":16,"column":56}},"loc":{"start":{"line":16,"column":61},"end":{"line":16,"column":73}},"line":16}},"branchMap":{},"s":{"0":1,"1":2,"2":2,"3":1},"f":{"0":2,"1":1},"b":{},"_coverageSchema":"1a1c01bbd47fc00a2c39e90264f33305004495a9","hash":"e9c44d4b41995f882a4226cd4d9335f0a2816e4a"}
,"/home/wellington/challenges/iclinic/src/components/Header/styles.ts": {"path":"/home/wellington/challenges/iclinic/src/components/Header/styles.ts","statementMap":{"0":{"start":{"line":3,"column":23},"end":{"line":15,"column":1}},"1":{"start":{"line":4,"column":19},"end":{"line":14,"column":3}}},"fnMap":{"0":{"name":"(anonymous_0)","decl":{"start":{"line":4,"column":4},"end":{"line":4,"column":5}},"loc":{"start":{"line":4,"column":19},"end":{"line":14,"column":3}},"line":4}},"branchMap":{},"s":{"0":1,"1":2},"f":{"0":2},"b":{},"_coverageSchema":"1a1c01bbd47fc00a2c39e90264f33305004495a9","hash":"566ff84716bc09c9db6e86994aaa8cc5f6391753"}
,"/home/wellington/challenges/iclinic/src/pages/SelectedSide/index.tsx": {"path":"/home/wellington/challenges/iclinic/src/pages/SelectedSide/index.tsx","statementMap":{"0":{"start":{"line":10,"column":28},"end":{"line":28,"column":1}},"1":{"start":{"line":11,"column":22},"end":{"line":11,"column":26}},"2":{"start":{"line":13,"column":2},"end":{"line":27,"column":3}}},"fnMap":{"0":{"name":"(anonymous_0)","decl":{"start":{"line":10,"column":28},"end":{"line":10,"column":29}},"loc":{"start":{"line":10,"column":34},"end":{"line":28,"column":1}},"line":10}},"branchMap":{"0":{"loc":{"start":{"line":17,"column":21},"end":{"line":17,"column":67}},"type":"cond-expr","locations":[{"start":{"line":17,"column":35},"end":{"line":17,"column":48}},{"start":{"line":17,"column":51},"end":{"line":17,"column":67}}],"line":17},"1":{"loc":{"start":{"line":21,"column":12},"end":{"line":21,"column":58}},"type":"cond-expr","locations":[{"start":{"line":21,"column":26},"end":{"line":21,"column":39}},{"start":{"line":21,"column":42},"end":{"line":21,"column":58}}],"line":21}},"s":{"0":0,"1":0,"2":0},"f":{"0":0},"b":{"0":[0,0],"1":[0,0]}}
,"/home/wellington/challenges/iclinic/src/pages/SelectedSide/styles.ts": {"path":"/home/wellington/challenges/iclinic/src/pages/SelectedSide/styles.ts","statementMap":{"0":{"start":{"line":5,"column":23},"end":{"line":11,"column":1}},"1":{"start":{"line":6,"column":19},"end":{"line":10,"column":3}},"2":{"start":{"line":13,"column":20},"end":{"line":47,"column":1}},"3":{"start":{"line":14,"column":19},"end":{"line":46,"column":3}},"4":{"start":{"line":49,"column":22},"end":{"line":64,"column":1}},"5":{"start":{"line":50,"column":19},"end":{"line":63,"column":3}}},"fnMap":{"0":{"name":"(anonymous_0)","decl":{"start":{"line":6,"column":4},"end":{"line":6,"column":5}},"loc":{"start":{"line":6,"column":19},"end":{"line":10,"column":3}},"line":6},"1":{"name":"(anonymous_1)","decl":{"start":{"line":14,"column":4},"end":{"line":14,"column":5}},"loc":{"start":{"line":14,"column":19},"end":{"line":46,"column":3}},"line":14},"2":{"name":"(anonymous_2)","decl":{"start":{"line":50,"column":4},"end":{"line":50,"column":5}},"loc":{"start":{"line":50,"column":19},"end":{"line":63,"column":3}},"line":50}},"branchMap":{},"s":{"0":0,"1":0,"2":0,"3":0,"4":0,"5":0},"f":{"0":0,"1":0,"2":0},"b":{}}
,"/home/wellington/challenges/iclinic/src/types/jest-styled-components.d.ts": {"path":"/home/wellington/challenges/iclinic/src/types/jest-styled-components.d.ts","statementMap":{},"fnMap":{},"branchMap":{},"s":{},"f":{},"b":{}}
,"/home/wellington/challenges/iclinic/src/utils/tests/helpers.tsx": {"path":"/home/wellington/challenges/iclinic/src/utils/tests/helpers.tsx","statementMap":{"0":{"start":{"line":6,"column":31},"end":{"line":7,"column":65}},"1":{"start":{"line":7,"column":2},"end":{"line":7,"column":65}}},"fnMap":{"0":{"name":"(anonymous_0)","decl":{"start":{"line":6,"column":31},"end":{"line":6,"column":32}},"loc":{"start":{"line":7,"column":2},"end":{"line":7,"column":65}},"line":7}},"branchMap":{},"s":{"0":5,"1":15},"f":{"0":15},"b":{},"_coverageSchema":"1a1c01bbd47fc00a2c39e90264f33305004495a9","hash":"0d50363233007cf8c823dbcdc893ba331e08fca8"}
}
